[19:17:17] [Server thread/INFO]: Starting minecraft server version 1.12.2
[19:17:17] [Server thread/INFO]: Loading properties
[19:17:17] [Server thread/INFO]: Default game type: SURVIVAL
[19:17:17] [Server thread/INFO]: Generating keypair
[19:17:17] [Server thread/INFO]: Starting Minecraft server on *:25565
[19:17:17] [Server thread/INFO]: Using default channel type
[19:17:18] [Server thread/WARN]: **** SERVER IS RUNNING IN OFFLINE/INSECURE MODE!
[19:17:18] [Server thread/WARN]: The server will make no attempt to authenticate usernames. Beware.
[19:17:18] [Server thread/WARN]: While this makes the game possible to play without internet access, it also opens up the ability for hackers to connect with any username they choose.
[19:17:18] [Server thread/WARN]: To change this, set "online-mode" to "true" in the server.properties file.
[19:17:18] [Server thread/INFO]: Preparing level "World"
[19:17:18] [Server thread/INFO]: Loaded 488 advancements
[19:17:18] [Server thread/INFO]: Preparing start region for level 0
[19:17:19] [Server thread/INFO]: Preparing spawn area: 6%
[19:17:20] [Server thread/INFO]: Preparing spawn area: 14%
[19:17:21] [Server thread/INFO]: Preparing spawn area: 24%
[19:17:22] [Server thread/INFO]: Preparing spawn area: 32%
[19:17:23] [Server thread/INFO]: Preparing spawn area: 38%
[19:17:24] [Server thread/INFO]: Preparing spawn area: 47%
[19:17:25] [Server thread/INFO]: Preparing spawn area: 57%
[19:17:26] [Server thread/INFO]: Preparing spawn area: 73%
[19:17:27] [Server thread/INFO]: Preparing spawn area: 89%
[19:17:28] [Server thread/INFO]: Done (10.132s)! For help, type "help" or "?"
[19:17:44] [Server thread/INFO]: alsheikhaminul[/10.147.19.184:59341] logged in with entity id 1922 at (260.5, 56.0, 253.5)
[19:17:44] [Server thread/INFO]: alsheikhaminul joined the game
